<?xml version="1.0" encoding="UTF-8"?>
<Site BuildName="(empty)"
	BuildStamp="20250130-1616-Experimental"
	Name="(empty)"
	Generator="ctest-3.31.5"
	CompilerName=""
	CompilerVersion=""
	OSName="Windows"
	Hostname="SilvicsGraham"
	OSRelease=" Professional"
	OSVersion=" (Build 22631)"
	OSPlatform="AMD64"
	Is64Bits="1"
	VendorString="GenuineIntel"
	VendorID="Intel Corporation"
	FamilyID="6"
	ModelID="10"
	ModelName=""
	ProcessorCacheSize="-1"
	NumberOfLogicalCPU="12"
	NumberOfPhysicalCPU="10"
	TotalVirtualMemory="34500"
	TotalPhysicalMemory="32452"
	LogicalProcessorsPerPhysical="1"
	ProcessorClockFrequency="2611"
	>
	<Testing>
		<StartDateTime>Jan 30 10:16 Central Standard Time</StartDateTime>
		<StartTestTime>1738253805</StartTestTime>
		<TestList/>
		<EndDateTime>Jan 30 10:16 Central Standard Time</EndDateTime>
		<EndTestTime>1738253805</EndTestTime>
		<ElapsedMinutes>0</ElapsedMinutes>
	</Testing>
</Site>
